<?xml version="1.0" encoding="UTF-8"?>
<testsuite name="com.paloma.product_manager.ProductManagerApplicationTests" tests="1" skipped="0" failures="0" errors="0" timestamp="2024-07-01T03:36:17" hostname="DESKTOP-1G6E6NJ" time="1.021">
  <properties/>
  <testcase name="contextLoads()" classname="com.paloma.product_manager.ProductManagerApplicationTests" time="1.021"/>
  <system-out><![CDATA[00:35:54.516 [Test worker] INFO org.springframework.test.context.support.AnnotationConfigContextLoaderUtils -- Could not detect default configuration classes for test class [com.paloma.product_manager.ProductManagerApplicationTests]: ProductManagerApplicationTests does not declare any static, non-private, non-final, nested classes annotated with @Configuration.
00:35:56.856 [Test worker] INFO org.springframework.boot.test.context.SpringBootTestContextBootstrapper -- Found @SpringBootConfiguration com.paloma.product_manager.ProductManagerApplication for test class com.paloma.product_manager.ProductManagerApplicationTests

  .   ____          _            __ _ _
 /\\ / ___'_ __ _ _(_)_ __  __ _ \ \ \ \
( ( )\___ | '_ | '_| | '_ \/ _` | \ \ \ \
 \\/  ___)| |_)| | | | | || (_| |  ) ) ) )
  '  |____| .__|_| |_|_| |_\__, | / / / /
 =========|_|==============|___/=/_/_/_/

 :: Spring Boot ::                (v3.3.1)

2024-07-01T00:36:02.251-03:00  INFO 12880 --- [product-manager] [    Test worker] c.p.p.ProductManagerApplicationTests     : Starting ProductManagerApplicationTests using Java 22.0.1 with PID 12880 (started by Paloma in C:\ws\case back-end\Implementação de Testes Unitários e Integração Contínua\product-manager)
2024-07-01T00:36:02.257-03:00  INFO 12880 --- [product-manager] [    Test worker] c.p.p.ProductManagerApplicationTests     : No active profile set, falling back to 1 default profile: "default"
2024-07-01T00:36:06.532-03:00  INFO 12880 --- [product-manager] [    Test worker] .s.d.r.c.RepositoryConfigurationDelegate : Bootstrapping Spring Data JPA repositories in DEFAULT mode.
2024-07-01T00:36:07.086-03:00  INFO 12880 --- [product-manager] [    Test worker] .s.d.r.c.RepositoryConfigurationDelegate : Finished Spring Data repository scanning in 491 ms. Found 1 JPA repository interface.
2024-07-01T00:36:09.533-03:00  INFO 12880 --- [product-manager] [    Test worker] com.zaxxer.hikari.HikariDataSource       : HikariPool-1 - Starting...
2024-07-01T00:36:10.491-03:00  INFO 12880 --- [product-manager] [    Test worker] com.zaxxer.hikari.pool.HikariPool        : HikariPool-1 - Added connection conn0: url=jdbc:h2:mem:testdb user=SA
2024-07-01T00:36:10.502-03:00  INFO 12880 --- [product-manager] [    Test worker] com.zaxxer.hikari.HikariDataSource       : HikariPool-1 - Start completed.
2024-07-01T00:36:11.023-03:00  INFO 12880 --- [product-manager] [    Test worker] o.hibernate.jpa.internal.util.LogHelper  : HHH000204: Processing PersistenceUnitInfo [name: default]
2024-07-01T00:36:11.276-03:00  INFO 12880 --- [product-manager] [    Test worker] org.hibernate.Version                    : HHH000412: Hibernate ORM core version 6.5.2.Final
2024-07-01T00:36:11.419-03:00  INFO 12880 --- [product-manager] [    Test worker] o.h.c.internal.RegionFactoryInitiator    : HHH000026: Second-level cache disabled
2024-07-01T00:36:12.676-03:00  INFO 12880 --- [product-manager] [    Test worker] o.s.o.j.p.SpringPersistenceUnitInfo      : No LoadTimeWeaver setup: ignoring JPA class transformer
2024-07-01T00:36:15.882-03:00  INFO 12880 --- [product-manager] [    Test worker] o.h.e.t.j.p.i.JtaPlatformInitiator       : HHH000489: No JTA platform available (set 'hibernate.transaction.jta.platform' to enable JTA platform integration)
2024-07-01T00:36:15.949-03:00  INFO 12880 --- [product-manager] [    Test worker] j.LocalContainerEntityManagerFactoryBean : Initialized JPA EntityManagerFactory for persistence unit 'default'
2024-07-01T00:36:16.961-03:00  WARN 12880 --- [product-manager] [    Test worker] JpaBaseConfiguration$JpaWebConfiguration : spring.jpa.open-in-view is enabled by default. Therefore, database queries may be performed during view rendering. Explicitly configure spring.jpa.open-in-view to disable this warning
2024-07-01T00:36:17.704-03:00  INFO 12880 --- [product-manager] [    Test worker] o.s.b.a.h2.H2ConsoleAutoConfiguration    : H2 console available at '/h2-console'. Database available at 'jdbc:h2:mem:testdb'
2024-07-01T00:36:17.845-03:00  INFO 12880 --- [product-manager] [    Test worker] c.p.p.ProductManagerApplicationTests     : Started ProductManagerApplicationTests in 18.804 seconds (process running for 36.009)
]]></system-out>
  <system-err><![CDATA[WARNING: A Java agent has been loaded dynamically (C:\Users\Paloma\.gradle\caches\modules-2\files-2.1\net.bytebuddy\byte-buddy-agent\1.14.17\e3c251a39dc90badaf71c83427ba46840f219d8d\byte-buddy-agent-1.14.17.jar)
WARNING: If a serviceability tool is in use, please run with -XX:+EnableDynamicAgentLoading to hide this warning
WARNING: If a serviceability tool is not in use, please run with -Djdk.instrument.traceUsage for more information
WARNING: Dynamic loading of agents will be disallowed by default in a future release
]]></system-err>
</testsuite>
