<?xml version="1.0" encoding="UTF-8"?>
<testsuite name="com.paloma.product_manager.exception.ControllerAdviceHandlerTest" tests="2" skipped="0" failures="0" errors="0" timestamp="2024-07-01T03:36:25" hostname="DESKTOP-1G6E6NJ" time="0.248">
  <properties/>
  <testcase name="testHandleProductNotFoundException()" classname="com.paloma.product_manager.exception.ControllerAdviceHandlerTest" time="0.172"/>
  <testcase name="testHandleProductAlreadyExistsException()" classname="com.paloma.product_manager.exception.ControllerAdviceHandlerTest" time="0.07"/>
  <system-out><![CDATA[2024-07-01T00:36:24.100-03:00  INFO 12880 --- [product-manager] [    Test worker] t.c.s.AnnotationConfigContextLoaderUtils : Could not detect default configuration classes for test class [com.paloma.product_manager.exception.ControllerAdviceHandlerTest]: ControllerAdviceHandlerTest does not declare any static, non-private, non-final, nested classes annotated with @Configuration.
2024-07-01T00:36:24.229-03:00  INFO 12880 --- [product-manager] [    Test worker] .b.t.c.SpringBootTestContextBootstrapper : Found @SpringBootConfiguration com.paloma.product_manager.ProductManagerApplication for test class com.paloma.product_manager.exception.ControllerAdviceHandlerTest

  .   ____          _            __ _ _
 /\\ / ___'_ __ _ _(_)_ __  __ _ \ \ \ \
( ( )\___ | '_ | '_| | '_ \/ _` | \ \ \ \
 \\/  ___)| |_)| | | | | || (_| |  ) ) ) )
  '  |____| .__|_| |_|_| |_\__, | / / / /
 =========|_|==============|___/=/_/_/_/

 :: Spring Boot ::                (v3.3.1)

2024-07-01T00:36:24.437-03:00  INFO 12880 --- [product-manager] [    Test worker] c.p.p.e.ControllerAdviceHandlerTest      : Starting ControllerAdviceHandlerTest using Java 22.0.1 with PID 12880 (started by Paloma in C:\ws\case back-end\Implementação de Testes Unitários e Integração Contínua\product-manager)
2024-07-01T00:36:24.438-03:00  INFO 12880 --- [product-manager] [    Test worker] c.p.p.e.ControllerAdviceHandlerTest      : No active profile set, falling back to 1 default profile: "default"
2024-07-01T00:36:25.418-03:00  INFO 12880 --- [product-manager] [    Test worker] o.s.b.t.m.w.SpringBootMockServletContext : Initializing Spring TestDispatcherServlet ''
2024-07-01T00:36:25.418-03:00  INFO 12880 --- [product-manager] [    Test worker] o.s.t.web.servlet.TestDispatcherServlet  : Initializing Servlet ''
2024-07-01T00:36:25.422-03:00  INFO 12880 --- [product-manager] [    Test worker] o.s.t.web.servlet.TestDispatcherServlet  : Completed initialization in 3 ms
2024-07-01T00:36:25.469-03:00  INFO 12880 --- [product-manager] [    Test worker] c.p.p.e.ControllerAdviceHandlerTest      : Started ControllerAdviceHandlerTest in 1.22 seconds (process running for 43.632)
]]></system-out>
  <system-err><![CDATA[]]></system-err>
</testsuite>
