<?xml version="1.0" encoding="UTF-8"?>
<testsuite name="com.paloma.product_manager.adapters.mapper.ProductMapperTest" tests="2" skipped="0" failures="0" errors="0" timestamp="2024-07-01T03:36:22" hostname="DESKTOP-1G6E6NJ" time="0.048">
  <properties/>
  <testcase name="shouldReturnEntitySameDto()" classname="com.paloma.product_manager.adapters.mapper.ProductMapperTest" time="0.039"/>
  <testcase name="shouldReturnDtoSameEntity()" classname="com.paloma.product_manager.adapters.mapper.ProductMapperTest" time="0.007"/>
  <system-out><![CDATA[]]></system-out>
  <system-err><![CDATA[]]></system-err>
</testsuite>
